TN:
SF:contracts/FastLaneFactory.sol
FN:19,FastLaneFactory._createFastLane
FNDA:0,FastLaneFactory._createFastLane
DA:22,0
DA:26,0
BRDA:26,0,0,-
BRDA:26,0,1,-
DA:27,0
DA:29,0
FN:33,FastLaneFactory.getArgs
FNDA:0,FastLaneFactory.getArgs
DA:34,0
DA:35,0
FN:57,FastLaneFactory.getFastLaneContractBySalt
FNDA:0,FastLaneFactory.getFastLaneContractBySalt
DA:59,0
DA:61,0
BRDA:61,1,0,-
BRDA:61,1,1,-
DA:62,0
BRDA:62,2,0,-
BRDA:62,2,1,-
DA:64,0
DA:72,0
FNF:3
FNH:0
LF:11
LH:0
BRF:6
BRH:0
end_of_record
TN:
SF:contracts/auction-handler/FastLaneAuctionHandler.sol
FN:107,FastLaneAuctionHandler.submitFlashBid
FNDA:16,FastLaneAuctionHandler.submitFlashBid
DA:114,14
BRDA:114,0,0,1
BRDA:114,0,1,13
DA:117,13
DA:122,13
DA:128,7
BRDA:128,1,0,2
BRDA:128,1,1,5
DA:132,5
DA:134,3
FN:144,FastLaneAuctionHandler.submitFlashBidWithRefund
FNDA:8,FastLaneAuctionHandler.submitFlashBidWithRefund
DA:152,6
BRDA:152,2,0,1
BRDA:152,2,1,5
DA:153,5
BRDA:153,3,0,-
BRDA:153,3,1,5
DA:158,5
DA:161,5
DA:166,2
BRDA:166,4,0,-
BRDA:166,4,1,2
DA:170,2
FN:178,FastLaneAuctionHandler.submitFastBid
FNDA:0,FastLaneAuctionHandler.submitFastBid
DA:184,0
BRDA:184,5,0,-
BRDA:184,5,1,-
DA:188,0
FN:198,FastLaneAuctionHandler.fastBidWrapper
FNDA:0,FastLaneAuctionHandler.fastBidWrapper
DA:206,0
BRDA:206,6,0,-
BRDA:206,6,1,-
DA:209,0
DA:210,0
DA:215,0
DA:221,0
BRDA:221,7,0,-
BRDA:221,7,1,-
DA:225,0
DA:228,0
DA:230,0
FN:233,FastLaneAuctionHandler.payValidatorFee
FNDA:13,FastLaneAuctionHandler.payValidatorFee
DA:234,13
BRDA:234,8,0,1
BRDA:234,8,1,12
DA:235,12
DA:236,12
DA:237,12
FN:250,FastLaneAuctionHandler.simulateFlashBid
FNDA:2,FastLaneAuctionHandler.simulateFlashBid
DA:258,2
BRDA:258,9,0,1
BRDA:258,9,1,1
DA:261,1
DA:265,1
DA:271,1
BRDA:271,10,0,-
BRDA:271,10,1,1
DA:274,1
BRDA:274,11,0,-
BRDA:274,11,1,1
DA:275,0
DA:277,1
FN:284,FastLaneAuctionHandler._handleBalances
FNDA:5,FastLaneAuctionHandler._handleBalances
DA:285,5
BRDA:285,12,0,2
BRDA:285,12,1,3
DA:286,2
DA:289,3
BRDA:289,13,0,1
BRDA:289,13,1,3
DA:290,1
DA:293,3
DA:294,3
DA:296,3
FN:299,FastLaneAuctionHandler._handleBalancesFast
FNDA:0,FastLaneAuctionHandler._handleBalancesFast
DA:301,0
BRDA:301,14,0,-
BRDA:301,14,1,-
DA:302,0
DA:306,0
DA:307,0
BRDA:307,15,0,-
BRDA:307,15,1,-
DA:310,0
BRDA:310,16,0,-
BRDA:310,16,1,-
DA:313,0
BRDA:313,17,0,-
BRDA:313,17,1,-
DA:314,0
DA:321,0
DA:329,0
DA:333,0
DA:334,0
DA:336,0
FN:340,FastLaneAuctionHandler._handleBalancesWithRefundAndEmit
FNDA:2,FastLaneAuctionHandler._handleBalancesWithRefundAndEmit
DA:347,2
DA:349,2
BRDA:349,18,0,-
BRDA:349,18,1,2
DA:350,0
DA:353,2
BRDA:353,19,0,1
BRDA:353,19,1,2
DA:354,1
DA:358,2
DA:359,2
DA:362,2
DA:363,2
DA:364,2
DA:366,2
FN:371,FastLaneAuctionHandler.
FNDA:0,FastLaneAuctionHandler.
FN:380,FastLaneAuctionHandler.syncStuckNativeToken
FNDA:3,FastLaneAuctionHandler.syncStuckNativeToken
DA:385,2
DA:386,2
DA:387,2
BRDA:387,20,0,2
BRDA:387,20,1,2
DA:389,2
DA:391,2
DA:393,2
DA:394,2
DA:396,2
FN:403,FastLaneAuctionHandler.withdrawStuckERC20
FNDA:3,FastLaneAuctionHandler.withdrawStuckERC20
DA:409,2
DA:410,2
DA:412,2
BRDA:412,21,0,1
BRDA:412,21,1,2
DA:413,1
DA:414,1
FN:424,FastLaneAuctionHandler.collectFees
FNDA:7,FastLaneAuctionHandler.collectFees
DA:426,4
DA:428,4
DA:429,4
BRDA:429,22,0,1
BRDA:429,22,1,3
DA:431,3
DA:432,3
DA:433,3
DA:437,3
DA:438,3
FN:443,FastLaneAuctionHandler.updateValidatorPayee
FNDA:14,FastLaneAuctionHandler.updateValidatorPayee
DA:445,11
BRDA:445,23,0,1
BRDA:445,23,1,10
DA:446,10
BRDA:446,24,0,1
BRDA:446,24,1,9
DA:448,9
DA:450,9
BRDA:450,25,0,1
BRDA:450,25,1,8
DA:452,8
DA:454,8
BRDA:454,26,0,-
BRDA:454,26,1,8
DA:456,8
BRDA:456,27,0,1
BRDA:456,27,1,8
DA:457,1
DA:460,8
DA:461,8
DA:462,8
DA:464,8
FN:469,FastLaneAuctionHandler.updateValidatorRefundShare
FNDA:2,FastLaneAuctionHandler.updateValidatorRefundShare
DA:470,2
DA:473,2
BRDA:473,28,0,1
BRDA:473,28,1,1
DA:475,1
FN:482,FastLaneAuctionHandler.isPayeeTimeLocked
FNDA:3,FastLaneAuctionHandler.isPayeeTimeLocked
DA:483,18
FN:486,FastLaneAuctionHandler.isValidPayee
FNDA:2,FastLaneAuctionHandler.isValidPayee
DA:487,2
FN:490,FastLaneAuctionHandler.validatorPayee
FNDA:6,FastLaneAuctionHandler.validatorPayee
DA:491,6
DA:492,6
FN:496,FastLaneAuctionHandler.getValidatorBalance
FNDA:5,FastLaneAuctionHandler.getValidatorBalance
DA:497,5
FN:501,FastLaneAuctionHandler.getValidatorPayee
FNDA:8,FastLaneAuctionHandler.getValidatorPayee
DA:502,8
FN:508,FastLaneAuctionHandler.getValidatorRecipient
FNDA:3,FastLaneAuctionHandler.getValidatorRecipient
DA:509,3
FN:512,FastLaneAuctionHandler.getValidator
FNDA:17,FastLaneAuctionHandler.getValidator
DA:513,17
BRDA:513,29,0,13
BRDA:513,29,1,4
DA:514,13
DA:516,4
BRDA:516,30,0,4
BRDA:516,30,1,-
DA:517,4
DA:520,0
FN:523,FastLaneAuctionHandler.humanizeError
FNDA:4,FastLaneAuctionHandler.humanizeError
DA:524,4
DA:525,4
DA:526,4
FN:529,FastLaneAuctionHandler.slice
FNDA:8,FastLaneAuctionHandler.slice
DA:538,8
BRDA:538,31,0,-
BRDA:538,31,1,8
DA:539,8
BRDA:539,32,0,-
BRDA:539,32,1,8
DA:541,8
DA:595,8
FN:658,FastLaneAuctionHandler._validateValidator
FNDA:0,FastLaneAuctionHandler._validateValidator
DA:663,0
DA:664,0
DA:665,0
DA:666,0
BRDA:666,33,0,-
BRDA:666,33,1,-
DA:667,0
DA:669,0
DA:671,0
FNF:25
FNH:20
LF:125
LH:93
BRF:68
BRH:43
end_of_record
TN:
SF:contracts/helpers/SearcherHelperRepayerEcho.sol
FN:8,SearcherHelperRepayerEcho.fastLaneCall
FNDA:0,SearcherHelperRepayerEcho.fastLaneCall
DA:13,0
DA:14,0
DA:17,0
DA:20,0
BRDA:20,0,0,-
BRDA:20,0,1,-
DA:21,0
FNF:1
FNH:0
LF:5
LH:0
BRF:2
BRH:0
end_of_record
TN:
SF:contracts/legacy/FastLaneLegacyAuction.sol
FN:176,FastLaneLegacyAuction.initialize
FNDA:1,FastLaneLegacyAuction.initialize
DA:177,1
DA:178,1
DA:179,1
FN:182,FastLaneLegacyAuction._authorizeUpgrade
FNDA:1,FastLaneLegacyAuction._authorizeUpgrade
FN:190,FastLaneLegacyAuction.initialSetupAuction
FNDA:2,FastLaneLegacyAuction.initialSetupAuction
DA:191,2
BRDA:191,0,0,1
BRDA:191,0,1,1
DA:192,1
DA:193,1
DA:194,1
DA:195,1
DA:196,1
DA:197,1
DA:198,1
DA:199,1
DA:200,1
DA:201,1
FN:269,FastLaneLegacyAuction._updateValidatorPreferences
FNDA:11,FastLaneLegacyAuction._updateValidatorPreferences
DA:270,11
BRDA:270,1,0,1
BRDA:270,1,1,10
DA:271,10
BRDA:271,2,0,1
BRDA:271,2,1,9
DA:273,9
DA:274,9
FN:285,FastLaneLegacyAuction.setValidatorPreferences
FNDA:5,FastLaneLegacyAuction.setValidatorPreferences
DA:286,4
FN:296,FastLaneLegacyAuction.setPausedState
FNDA:1,FastLaneLegacyAuction.setPausedState
DA:297,1
DA:298,1
FN:304,FastLaneLegacyAuction.setMinimumBidIncrement
FNDA:2,FastLaneLegacyAuction.setMinimumBidIncrement
DA:305,3
DA:306,3
FN:312,FastLaneLegacyAuction.setOps
FNDA:2,FastLaneLegacyAuction.setOps
DA:313,3
DA:314,3
FN:320,FastLaneLegacyAuction.setMinimumAutoShipThreshold
FNDA:4,FastLaneLegacyAuction.setMinimumAutoShipThreshold
DA:321,5
DA:322,5
FN:328,FastLaneLegacyAuction.setResolverMaxGasPrice
FNDA:2,FastLaneLegacyAuction.setResolverMaxGasPrice
DA:329,3
DA:330,3
FN:336,FastLaneLegacyAuction.setFastlaneFee
FNDA:6,FastLaneLegacyAuction.setFastlaneFee
DA:341,7
BRDA:341,3,0,1
BRDA:341,3,1,6
DA:342,6
DA:343,6
FN:349,FastLaneLegacyAuction.setBidToken
FNDA:1,FastLaneLegacyAuction.setBidToken
DA:355,2
BRDA:355,4,0,1
BRDA:355,4,1,1
DA:356,1
DA:357,1
FN:364,FastLaneLegacyAuction.setStarter
FNDA:1,FastLaneLegacyAuction.setStarter
DA:365,2
DA:366,2
FN:374,FastLaneLegacyAuction.enableOpportunityAddress
FNDA:17,FastLaneLegacyAuction.enableOpportunityAddress
DA:379,17
DA:380,17
DA:381,17
FN:387,FastLaneLegacyAuction.disableOpportunityAddress
FNDA:4,FastLaneLegacyAuction.disableOpportunityAddress
DA:391,4
DA:392,4
BRDA:392,5,0,1
BRDA:392,5,1,3
DA:393,3
DA:395,3
DA:396,3
FN:402,FastLaneLegacyAuction._enableValidatorCheckpoint
FNDA:21,FastLaneLegacyAuction._enableValidatorCheckpoint
DA:403,21
DA:404,21
DA:407,21
DA:408,21
BRDA:408,6,0,20
BRDA:408,6,1,21
DA:409,20
DA:411,21
FN:417,FastLaneLegacyAuction.enableValidatorAddress
FNDA:14,FastLaneLegacyAuction.enableValidatorAddress
DA:421,14
FN:429,FastLaneLegacyAuction.enableValidatorAddressWithPreferences
FNDA:7,FastLaneLegacyAuction.enableValidatorAddressWithPreferences
DA:433,7
DA:434,7
FN:440,FastLaneLegacyAuction.disableValidatorAddress
FNDA:2,FastLaneLegacyAuction.disableValidatorAddress
DA:444,2
DA:445,2
BRDA:445,7,0,1
BRDA:445,7,1,1
DA:446,1
DA:448,1
DA:449,1
FN:454,FastLaneLegacyAuction.startAuction
FNDA:29,FastLaneLegacyAuction.startAuction
DA:455,28
DA:456,28
FN:462,FastLaneLegacyAuction.endAuction
FNDA:21,FastLaneLegacyAuction.endAuction
DA:470,21
DA:472,21
DA:475,21
DA:477,21
DA:478,21
DA:481,21
DA:483,21
FN:489,FastLaneLegacyAuction.setAutopayBatchSize
FNDA:3,FastLaneLegacyAuction.setAutopayBatchSize
DA:490,4
DA:491,4
FN:497,FastLaneLegacyAuction.setOffchainCheckerDisabledState
FNDA:2,FastLaneLegacyAuction.setOffchainCheckerDisabledState
DA:498,2
FN:504,FastLaneLegacyAuction.withdrawStuckNativeToken
FNDA:1,FastLaneLegacyAuction.withdrawStuckNativeToken
DA:509,1
BRDA:509,8,0,1
BRDA:509,8,1,1
DA:510,1
DA:511,1
FN:518,FastLaneLegacyAuction.withdrawStuckERC20
FNDA:2,FastLaneLegacyAuction.withdrawStuckERC20
DA:523,2
BRDA:523,9,0,1
BRDA:523,9,1,1
DA:524,1
DA:525,1
DA:527,1
BRDA:527,10,0,1
BRDA:527,10,1,1
DA:528,1
DA:529,1
FN:537,FastLaneLegacyAuction._receiveBid
FNDA:32,FastLaneLegacyAuction._receiveBid
DA:543,32
BRDA:543,11,0,4
BRDA:543,11,1,28
DA:546,28
BRDA:546,12,0,1
BRDA:546,12,1,27
DA:549,27
BRDA:549,13,0,1
BRDA:549,13,1,26
DA:552,26
FN:562,FastLaneLegacyAuction._refundPreviousBidder
FNDA:5,FastLaneLegacyAuction._refundPreviousBidder
DA:563,5
FN:574,FastLaneLegacyAuction._calculateCuts
FNDA:41,FastLaneLegacyAuction._calculateCuts
DA:575,41
DA:576,41
FN:584,FastLaneLegacyAuction._checkRedeemableOutstanding
FNDA:47,FastLaneLegacyAuction._checkRedeemableOutstanding
DA:585,47
FN:591,FastLaneLegacyAuction._redeemOutstanding
FNDA:16,FastLaneLegacyAuction._redeemOutstanding
DA:592,16
BRDA:592,14,0,1
BRDA:592,14,1,15
DA:593,15
DA:596,15
BRDA:596,15,0,3
BRDA:596,15,1,12
DA:598,12
DA:599,12
BRDA:599,16,0,10
BRDA:599,16,1,2
DA:601,10
DA:602,10
DA:606,2
DA:610,12
DA:611,12
DA:613,12
DA:614,12
DA:615,12
BRDA:615,17,0,5
BRDA:615,17,1,12
DA:616,5
DA:619,12
DA:624,12
FN:641,FastLaneLegacyAuction.submitBid
FNDA:41,FastLaneLegacyAuction.submitBid
DA:648,40
BRDA:648,18,0,1
BRDA:648,18,1,39
DA:650,39
DA:651,39
DA:654,39
BRDA:654,19,0,1
BRDA:654,19,1,38
DA:655,38
BRDA:655,20,0,1
BRDA:655,20,1,37
DA:659,37
BRDA:659,21,0,2
BRDA:659,21,1,35
DA:660,35
BRDA:660,22,0,1
BRDA:660,22,1,34
DA:663,34
BRDA:663,23,0,1
BRDA:663,23,1,33
DA:664,33
BRDA:664,24,0,1
BRDA:664,24,1,32
DA:668,32
DA:672,32
DA:674,32
BRDA:674,25,0,4
BRDA:674,25,1,32
DA:676,4
DA:677,4
DA:681,32
DA:685,32
BRDA:685,26,0,9
BRDA:685,26,1,23
DA:688,9
DA:689,9
DA:691,9
DA:692,9
DA:696,9
DA:701,5
DA:708,23
BRDA:708,27,0,23
BRDA:708,27,1,23
DA:709,23
DA:712,23
DA:715,23
DA:716,23
DA:719,23
DA:726,25
DA:728,25
FN:742,FastLaneLegacyAuction.redeemOutstandingBalance
FNDA:11,FastLaneLegacyAuction.redeemOutstandingBalance
DA:747,11
FN:758,FastLaneLegacyAuction.checker
FNDA:17,FastLaneLegacyAuction.checker
DA:763,17
BRDA:763,28,0,2
BRDA:763,28,1,15
DA:765,15
DA:766,15
DA:769,15
DA:770,15
BRDA:770,29,0,5
BRDA:770,29,1,10
DA:771,5
DA:772,5
DA:776,5
DA:778,10
FN:784,FastLaneLegacyAuction.processAutopayJobs
FNDA:5,FastLaneLegacyAuction.processAutopayJobs
DA:786,5
BRDA:786,30,0,-
BRDA:786,30,1,5
DA:787,5
BRDA:787,31,0,1
BRDA:787,31,1,4
DA:789,4
DA:790,4
DA:791,8
BRDA:791,32,0,-
BRDA:791,32,1,5
DA:792,5
DA:794,8
FN:808,FastLaneLegacyAuction.getAutopayJobs
FNDA:7,FastLaneLegacyAuction.getAutopayJobs
DA:809,22
DA:811,22
DA:812,22
DA:813,22
DA:814,22
DA:815,32
DA:816,32
DA:817,32
DA:818,32
BRDA:818,33,0,-
BRDA:818,33,1,11
DA:819,11
DA:820,11
DA:822,32
BRDA:822,34,0,2
BRDA:822,34,1,30
DA:823,2
DA:826,22
FN:833,FastLaneLegacyAuction.getStatus
FNDA:2,FastLaneLegacyAuction.getStatus
DA:834,2
FN:841,FastLaneLegacyAuction.getValidatorsactiveAtAuctionRound
FNDA:3,FastLaneLegacyAuction.getValidatorsactiveAtAuctionRound
DA:842,3
FN:848,FastLaneLegacyAuction.getActivePrivilegesAuctionNumber
FNDA:2,FastLaneLegacyAuction.getActivePrivilegesAuctionNumber
DA:849,3
FN:855,FastLaneLegacyAuction.getCheckpoint
FNDA:13,FastLaneLegacyAuction.getCheckpoint
DA:856,13
FN:862,FastLaneLegacyAuction.getPreferences
FNDA:1,FastLaneLegacyAuction.getPreferences
DA:863,1
FN:870,FastLaneLegacyAuction.findLiveAuctionTopBid
FNDA:2,FastLaneLegacyAuction.findLiveAuctionTopBid
DA:876,2
DA:879,2
FN:887,FastLaneLegacyAuction.findFinalizedAuctionWinnerAtAuction
FNDA:2,FastLaneLegacyAuction.findFinalizedAuctionWinnerAtAuction
DA:898,3
BRDA:898,35,0,-
BRDA:898,35,1,3
DA:900,3
DA:905,3
BRDA:905,36,0,2
BRDA:905,36,1,1
DA:906,2
DA:908,1
FN:916,FastLaneLegacyAuction.findLastFinalizedAuctionWinner
FNDA:1,FastLaneLegacyAuction.findLastFinalizedAuctionWinner
DA:928,1
FNF:43
FNH:43
LF:178
LH:178
BRF:74
BRH:70
end_of_record
TN:
SF:contracts/searcher-direct/FastLaneSearcherDirect.sol
FN:27,FastLaneSearcherDirectContract.fastLaneCall
FNDA:10,FastLaneSearcherDirectContract.fastLaneCall
DA:34,8
DA:37,8
DA:40,8
BRDA:40,0,0,2
BRDA:40,0,1,6
DA:41,2
DA:45,6
BRDA:45,1,0,4
BRDA:45,1,1,2
DA:50,2
DA:54,2
FN:60,FastLaneSearcherDirectContract.safeTransferETH
FNDA:2,FastLaneSearcherDirectContract.safeTransferETH
DA:61,2
DA:65,2
DA:68,2
BRDA:68,2,0,-
BRDA:68,2,1,2
FN:71,FastLaneSearcherDirectContract.setPFLAuctionAddress
FNDA:4,FastLaneSearcherDirectContract.setPFLAuctionAddress
DA:72,4
BRDA:72,3,0,-
BRDA:72,3,1,4
DA:73,4
FN:76,FastLaneSearcherDirectContract.approveFastLaneEOA
FNDA:2,FastLaneSearcherDirectContract.approveFastLaneEOA
DA:77,2
BRDA:77,4,0,-
BRDA:77,4,1,2
DA:78,2
FN:81,FastLaneSearcherDirectContract.revokeFastLaneEOA
FNDA:0,FastLaneSearcherDirectContract.revokeFastLaneEOA
DA:82,0
BRDA:82,5,0,-
BRDA:82,5,1,-
DA:83,0
FN:86,FastLaneSearcherDirectContract.checkFastLaneEOA
FNDA:8,FastLaneSearcherDirectContract.checkFastLaneEOA
DA:87,8
BRDA:87,6,0,-
BRDA:87,6,1,8
FN:90,FastLaneSearcherDirectContract.isTrustedForwarder
FNDA:0,FastLaneSearcherDirectContract.isTrustedForwarder
DA:91,10
FN:98,FastLaneSearcherDirectContract.
FNDA:0,FastLaneSearcherDirectContract.
FN:116,SearcherContractExample.doStuff
FNDA:6,SearcherContractExample.doStuff
DA:118,6
BRDA:118,0,0,-
BRDA:118,0,1,-
DA:120,0
BRDA:120,1,0,-
BRDA:120,1,1,-
DA:125,6
DA:126,6
DA:127,6
DA:128,6
FN:131,SearcherContractExample.doFail
FNDA:2,SearcherContractExample.doFail
DA:132,2
BRDA:132,2,0,-
BRDA:132,2,1,-
DA:134,0
BRDA:134,3,0,-
BRDA:134,3,1,-
DA:139,2
BRDA:139,4,0,2
BRDA:139,4,1,-
FNF:10
FNH:7
LF:27
LH:23
BRF:24
BRH:9
end_of_record
TN:
SF:contracts/searcher-proxy/FastLaneSearcherProxy.sol
FN:29,FastLaneSearcherProxyContract.fastLaneCall
FNDA:0,FastLaneSearcherProxyContract.fastLaneCall
DA:36,0
DA:41,0
DA:44,0
BRDA:44,0,0,-
BRDA:44,0,1,-
DA:45,0
DA:49,0
BRDA:49,1,0,-
BRDA:49,1,1,-
DA:54,0
DA:58,0
FN:64,FastLaneSearcherProxyContract.safeTransferETH
FNDA:0,FastLaneSearcherProxyContract.safeTransferETH
DA:65,0
DA:69,0
DA:72,0
BRDA:72,2,0,-
BRDA:72,2,1,-
FN:75,FastLaneSearcherProxyContract.setPFLAuctionAddress
FNDA:0,FastLaneSearcherProxyContract.setPFLAuctionAddress
DA:76,0
BRDA:76,3,0,-
BRDA:76,3,1,-
DA:77,0
FN:80,FastLaneSearcherProxyContract.setSearcherContractAddress
FNDA:0,FastLaneSearcherProxyContract.setSearcherContractAddress
DA:81,0
BRDA:81,4,0,-
BRDA:81,4,1,-
DA:82,0
FN:85,FastLaneSearcherProxyContract.approveFastLaneEOA
FNDA:0,FastLaneSearcherProxyContract.approveFastLaneEOA
DA:86,0
BRDA:86,5,0,-
BRDA:86,5,1,-
DA:87,0
FN:90,FastLaneSearcherProxyContract.revokeFastLaneEOA
FNDA:0,FastLaneSearcherProxyContract.revokeFastLaneEOA
DA:91,0
BRDA:91,6,0,-
BRDA:91,6,1,-
DA:92,0
FN:95,FastLaneSearcherProxyContract.checkFastLaneEOA
FNDA:0,FastLaneSearcherProxyContract.checkFastLaneEOA
DA:96,0
BRDA:96,7,0,-
BRDA:96,7,1,-
FN:99,FastLaneSearcherProxyContract.isTrustedForwarder
FNDA:0,FastLaneSearcherProxyContract.isTrustedForwarder
DA:100,0
FN:107,FastLaneSearcherProxyContract.
FNDA:0,FastLaneSearcherProxyContract.
FNF:9
FNH:0
LF:20
LH:0
BRF:16
BRH:0
end_of_record
TN:
SF:script/EOADeploy.s.sol
FN:18,Deploy.getArgs
FNDA:0,Deploy.getArgs
DA:19,0
DA:20,0
FN:23,Deploy.run
FNDA:0,Deploy.run
DA:25,0
DA:26,0
DA:27,0
DA:28,0
DA:30,0
DA:31,0
DA:32,0
DA:33,0
DA:36,0
DA:39,0
BRDA:39,0,0,-
BRDA:39,0,1,-
DA:40,0
BRDA:40,1,0,-
BRDA:40,1,1,-
DA:46,0
DA:47,0
DA:49,0
FNF:2
FNH:0
LF:16
LH:0
BRF:4
BRH:0
end_of_record
TN:
SF:script/legacy-script/EOADeploy.s.sol
FN:18,Deploy.getArgs
FNDA:0,Deploy.getArgs
DA:19,0
DA:20,0
FN:23,Deploy.run
FNDA:0,Deploy.run
DA:25,0
DA:26,0
DA:27,0
DA:28,0
DA:30,0
DA:31,0
DA:32,0
DA:33,0
DA:36,0
DA:39,0
BRDA:39,0,0,-
BRDA:39,0,1,-
DA:40,0
BRDA:40,1,0,-
BRDA:40,1,1,-
DA:46,0
DA:47,0
DA:49,0
DA:51,0
FNF:2
FNH:0
LF:17
LH:0
BRF:4
BRH:0
end_of_record
TN:
SF:script/legacy-script/UUPSDeploy.s.sol
FN:19,Deploy.getArgs
FNDA:0,Deploy.getArgs
DA:20,0
DA:21,0
FN:24,Deploy.run
FNDA:0,Deploy.run
DA:26,0
DA:27,0
DA:28,0
DA:29,0
DA:31,0
DA:32,0
DA:33,0
DA:34,0
DA:37,0
DA:40,0
BRDA:40,0,0,-
BRDA:40,0,1,-
DA:41,0
BRDA:41,1,0,-
BRDA:41,1,1,-
DA:43,0
DA:45,0
DA:46,0
DA:48,0
DA:50,0
DA:53,0
DA:55,0
DA:58,0
DA:59,0
DA:61,0
DA:62,0
DA:63,0
DA:64,0
DA:66,0
DA:67,0
DA:68,0
DA:72,0
DA:74,0
DA:75,0
DA:79,0
DA:80,0
DA:83,0
DA:84,0
DA:85,0
DA:87,0
DA:89,0
DA:92,0
DA:93,0
DA:94,0
DA:95,0
DA:97,0
DA:98,0
BRDA:98,2,0,-
BRDA:98,2,1,-
DA:103,0
DA:104,0
DA:106,0
DA:107,0
DA:108,0
DA:109,0
DA:110,0
DA:111,0
DA:113,0
BRDA:113,3,0,-
BRDA:113,3,1,-
FNF:2
FNH:0
LF:54
LH:0
BRF:8
BRH:0
end_of_record
TN:
SF:test/PFL_AuctionHandler.t.sol
FN:686,BrokenSearcherRepayerPartial.fastLaneCall
FNDA:1,BrokenSearcherRepayerPartial.fastLaneCall
DA:691,1
DA:692,1
DA:693,1
DA:696,1
DA:699,1
BRDA:699,0,0,-
BRDA:699,0,1,1
DA:700,1
FN:653,BrokenUniswap.sickTrade
FNDA:0,BrokenUniswap.sickTrade
DA:654,0
FN:746,SearcherRepayerOverpayerDouble.fastLaneCall
FNDA:2,SearcherRepayerOverpayerDouble.fastLaneCall
DA:751,2
DA:752,2
DA:753,2
DA:756,2
DA:759,2
BRDA:759,0,0,-
BRDA:759,0,1,2
DA:760,2
FN:726,SearcherRepayerEvilEcho.fastLaneCall
FNDA:1,SearcherRepayerEvilEcho.fastLaneCall
DA:731,1
DA:732,1
DA:734,1
DA:737,0
DA:740,0
BRDA:740,0,0,-
BRDA:740,0,1,-
DA:741,0
FN:660,BrokenSearcherForgotFastLaneCallFn.
FNDA:0,BrokenSearcherForgotFastLaneCallFn.
FN:664,BrokenSearcherForgotReturnBoolBytes.fastLaneCall
FNDA:1,BrokenSearcherForgotReturnBoolBytes.fastLaneCall
FN:675,BrokenSearcherRepayer.fastLaneCall
FNDA:1,BrokenSearcherRepayer.fastLaneCall
DA:680,1
FN:706,SearcherRepayerEcho.fastLaneCall
FNDA:2,SearcherRepayerEcho.fastLaneCall
DA:711,2
DA:712,2
DA:716,2
DA:719,2
BRDA:719,0,0,-
BRDA:719,0,1,2
DA:720,2
FNF:8
FNH:6
LF:25
LH:21
BRF:8
BRH:3
end_of_record
TN:
SF:test/legacy-test/PFLAuction.t.sol
FN:86,PFLHelper._calculateCuts
FNDA:0,PFLHelper._calculateCuts
DA:87,0
DA:88,0
FN:91,PFLHelper.setUpMaticAndFastlane
FNDA:0,PFLHelper.setUpMaticAndFastlane
DA:94,0
DA:96,0
DA:98,0
DA:100,0
DA:102,0
DA:104,0
BRDA:104,0,0,-
BRDA:104,0,1,-
DA:105,0
DA:107,0
DA:108,0
DA:109,0
DA:112,0
FN:115,PFLHelper.setUpBiddersSearchersWallets
FNDA:0,PFLHelper.setUpBiddersSearchersWallets
DA:116,0
DA:118,0
DA:119,0
DA:120,0
DA:121,0
DA:122,0
DA:123,0
DA:124,0
DA:126,0
DA:127,0
DA:129,0
DA:130,0
DA:131,0
DA:132,0
FNF:3
FNH:0
LF:27
LH:0
BRF:2
BRH:0
end_of_record
