TN:
SF:contracts/FastLaneAuction.sol
FN:169,FastLaneAuction._updateValidatorPreferences
FNDA:9,FastLaneAuction._updateValidatorPreferences
DA:170,9
BRDA:170,0,1,8
BRDA:170,0,0,1
DA:171,8
BRDA:171,1,1,7
BRDA:171,1,0,1
DA:173,7
DA:174,7
FN:181,FastLaneAuction.setValidatorPreferences
FNDA:4,FastLaneAuction.setValidatorPreferences
DA:182,4
FN:189,FastLaneAuction.setPausedState
FNDA:1,FastLaneAuction.setPausedState
DA:190,1
DA:191,1
FN:195,FastLaneAuction.setMinimumBidIncrement
FNDA:2,FastLaneAuction.setMinimumBidIncrement
DA:196,2
DA:197,2
FN:201,FastLaneAuction.setOps
FNDA:1,FastLaneAuction.setOps
DA:202,1
DA:203,1
FN:207,FastLaneAuction.setMinimumAutoShipThreshold
FNDA:3,FastLaneAuction.setMinimumAutoShipThreshold
DA:208,3
DA:209,3
FN:213,FastLaneAuction.setResolverMaxGasPrice
FNDA:2,FastLaneAuction.setResolverMaxGasPrice
DA:214,2
DA:215,2
FN:220,FastLaneAuction.setFastlaneFee
FNDA:5,FastLaneAuction.setFastlaneFee
DA:225,5
BRDA:225,2,1,4
BRDA:225,2,0,1
DA:226,4
DA:227,4
FN:232,FastLaneAuction.setBidToken
FNDA:0,FastLaneAuction.setBidToken
DA:238,0
BRDA:238,3,1,-
BRDA:238,3,0,-
DA:239,0
DA:240,0
FN:247,FastLaneAuction.enableOpportunityAddress
FNDA:15,FastLaneAuction.enableOpportunityAddress
DA:252,15
DA:253,15
DA:254,15
FN:257,FastLaneAuction.disableOpportunityAddress
FNDA:3,FastLaneAuction.disableOpportunityAddress
DA:261,3
DA:262,3
BRDA:262,4,1,2
BRDA:262,4,0,1
DA:263,2
DA:265,2
DA:266,2
FN:269,FastLaneAuction._enableValidatorCheckpoint
FNDA:19,FastLaneAuction._enableValidatorCheckpoint
DA:270,19
DA:271,19
DA:274,19
DA:275,19
BRDA:275,5,0,18
DA:276,18
BRDA:275,5,1,19
DA:278,19
FN:282,FastLaneAuction.enableValidatorAddress
FNDA:14,FastLaneAuction.enableValidatorAddress
DA:286,14
FN:289,FastLaneAuction.enableValidatorAddressWithPreferences
FNDA:5,FastLaneAuction.enableValidatorAddressWithPreferences
DA:293,5
DA:294,5
FN:298,FastLaneAuction.disableValidatorAddress
FNDA:2,FastLaneAuction.disableValidatorAddress
DA:302,2
DA:303,2
BRDA:303,6,1,1
BRDA:303,6,0,1
DA:304,1
DA:306,1
DA:307,1
FN:311,FastLaneAuction.startAuction
FNDA:21,FastLaneAuction.startAuction
DA:313,21
DA:314,21
FN:317,FastLaneAuction.endAuction
FNDA:15,FastLaneAuction.endAuction
DA:325,15
DA:327,15
DA:330,15
DA:332,15
DA:333,15
DA:336,15
DA:338,15
FN:341,FastLaneAuction.setAutopayBatchSize
FNDA:2,FastLaneAuction.setAutopayBatchSize
DA:342,2
DA:343,2
FN:346,FastLaneAuction.setOffchainCheckerDisabledState
FNDA:2,FastLaneAuction.setOffchainCheckerDisabledState
DA:347,2
FN:350,FastLaneAuction.withdrawStuckNativeToken
FNDA:1,FastLaneAuction.withdrawStuckNativeToken
DA:355,1
BRDA:355,7,0,1
DA:356,1
DA:357,1
BRDA:355,7,1,1
FN:361,FastLaneAuction.withdrawStuckERC20
FNDA:2,FastLaneAuction.withdrawStuckERC20
DA:366,2
BRDA:366,8,1,1
BRDA:366,8,0,1
DA:367,1
DA:368,1
DA:370,1
BRDA:370,9,0,1
DA:371,1
DA:372,1
BRDA:370,9,1,1
FN:376,FastLaneAuction._receiveBid
FNDA:29,FastLaneAuction._receiveBid
DA:382,29
BRDA:382,10,1,25
BRDA:382,10,0,4
DA:388,25
BRDA:388,11,1,24
BRDA:388,11,0,1
DA:394,24
BRDA:394,12,1,23
BRDA:394,12,0,1
DA:400,23
FN:407,FastLaneAuction._refundPreviousBidder
FNDA:5,FastLaneAuction._refundPreviousBidder
DA:410,5
FN:416,FastLaneAuction._calculateCuts
FNDA:38,FastLaneAuction._calculateCuts
DA:417,38
DA:418,38
FN:421,FastLaneAuction._checkRedeemableOutstanding
FNDA:32,FastLaneAuction._checkRedeemableOutstanding
DA:422,32
FN:424,FastLaneAuction._redeemOutstanding
FNDA:14,FastLaneAuction._redeemOutstanding
DA:425,14
BRDA:425,13,1,13
BRDA:425,13,0,1
DA:426,13
DA:429,13
BRDA:429,14,1,10
BRDA:429,14,0,3
DA:434,10
DA:435,10
BRDA:435,15,0,8
DA:437,8
DA:438,8
BRDA:435,15,1,2
DA:442,2
DA:446,10
DA:447,10
DA:449,10
DA:450,10
DA:451,10
BRDA:451,16,0,3
DA:452,3
BRDA:451,16,1,10
DA:455,10
DA:460,10
FN:475,FastLaneAuction.submitBid
FNDA:35,FastLaneAuction.submitBid
DA:482,35
BRDA:482,17,1,34
BRDA:482,17,0,1
DA:484,34
DA:485,34
DA:488,34
BRDA:488,18,1,33
BRDA:488,18,0,1
DA:489,33
BRDA:489,19,1,32
BRDA:489,19,0,1
DA:492,32
BRDA:492,20,1,30
BRDA:492,20,0,2
DA:493,30
BRDA:493,21,1,30
BRDA:493,21,0,-
DA:496,30
BRDA:496,22,1,29
BRDA:496,22,0,1
DA:497,29
BRDA:497,23,1,29
BRDA:497,23,0,-
DA:501,29
DA:505,29
DA:507,29
BRDA:507,24,0,3
DA:509,3
DA:510,3
BRDA:507,24,1,29
DA:514,29
DA:518,29
BRDA:518,25,0,20
DA:521,9
DA:522,9
DA:524,9
DA:525,9
DA:529,9
DA:534,5
BRDA:518,25,1,20
DA:541,20
BRDA:541,26,0,20
DA:542,20
BRDA:541,26,1,20
DA:545,20
DA:548,20
DA:549,20
DA:552,20
DA:559,22
DA:561,22
FN:574,FastLaneAuction.redeemOutstandingBalance
FNDA:11,FastLaneAuction.redeemOutstandingBalance
DA:578,11
FN:589,FastLaneAuction.checker
FNDA:12,FastLaneAuction.checker
DA:594,12
BRDA:594,27,0,2
BRDA:594,27,1,10
DA:596,10
DA:597,10
DA:600,10
DA:601,3
BRDA:601,28,0,3
DA:602,3
DA:603,3
DA:607,3
BRDA:601,28,1,7
DA:609,7
FN:612,FastLaneAuction.processAutopayJobs
FNDA:3,FastLaneAuction.processAutopayJobs
DA:614,3
BRDA:614,29,1,3
BRDA:614,29,0,-
DA:615,3
BRDA:615,30,1,2
BRDA:615,30,0,1
DA:616,2
DA:617,2
DA:618,4
BRDA:618,31,0,-
DA:619,3
BRDA:618,31,1,3
DA:621,4
FN:630,FastLaneAuction.getAutopayJobs
FNDA:12,FastLaneAuction.getAutopayJobs
DA:631,12
DA:633,12
DA:634,12
DA:635,12
DA:636,12
DA:637,19
DA:638,19
BRDA:638,32,0,-
BRDA:638,32,1,19
DA:639,19
DA:640,19
DA:641,19
BRDA:641,33,0,-
DA:642,7
DA:643,7
BRDA:641,33,1,7
DA:645,19
BRDA:645,34,0,2
DA:646,2
BRDA:645,34,1,17
DA:649,12
FN:653,FastLaneAuction.getStatus
FNDA:2,FastLaneAuction.getStatus
DA:654,2
FN:658,FastLaneAuction.getValidatorsActiveAtAuction
FNDA:2,FastLaneAuction.getValidatorsActiveAtAuction
DA:659,2
FN:663,FastLaneAuction.getActivePrivilegesAuctionNumber
FNDA:0,FastLaneAuction.getActivePrivilegesAuctionNumber
DA:664,0
FN:668,FastLaneAuction.getCheckpoint
FNDA:10,FastLaneAuction.getCheckpoint
DA:669,10
FN:673,FastLaneAuction.findLiveAuctionTopBid
FNDA:0,FastLaneAuction.findLiveAuctionTopBid
DA:679,0
DA:682,0
FN:685,FastLaneAuction.findFinalizedAuctionWinnerAtAuction
FNDA:0,FastLaneAuction.findFinalizedAuctionWinnerAtAuction
DA:696,0
BRDA:696,35,1,-
BRDA:696,35,0,-
DA:698,0
DA:703,0
BRDA:703,36,0,-
DA:704,0
BRDA:703,36,1,-
DA:706,0
FN:711,FastLaneAuction.findLastFinalizedAuctionWinner
FNDA:0,FastLaneAuction.findLastFinalizedAuctionWinner
DA:723,0
FNF:38
FNH:33
LF:162
LH:150
BRF:74
BRH:62
end_of_record
